[debug] [2018-10-09T18:36:04.226Z] ----------------------------------------------------------------------
[debug] [2018-10-09T18:36:04.229Z] Command:       /home/star/.nvm/versions/node/v6.11.5/bin/node /home/star/.nvm/versions/node/v6.11.5/bin/firebase serve --only functions,hosting
[debug] [2018-10-09T18:36:04.230Z] CLI Version:   5.0.1
[debug] [2018-10-09T18:36:04.230Z] Platform:      linux
[debug] [2018-10-09T18:36:04.230Z] Node Version:  v6.11.5
[debug] [2018-10-09T18:36:04.231Z] Time:          Tue Oct 09 2018 14:36:04 GMT-0400 (DST)
[debug] [2018-10-09T18:36:04.231Z] ----------------------------------------------------------------------
[debug] 
[debug] [2018-10-09T18:36:04.262Z] > command requires scopes: ["email","openid","https://www.googleapis.com/auth/cloudplatformprojects.readonly","https://www.googleapis.com/auth/firebase","https://www.googleapis.com/auth/cloud-platform"]
[debug] [2018-10-09T18:36:04.262Z] > authorizing via signed-in user
[debug] [2018-10-09T18:36:04.262Z] [iam] checking project insta-cube for permissions ["firebase.projects.get"]
[debug] [2018-10-09T18:36:04.265Z] >>> HTTP REQUEST POST https://cloudresourcemanager.googleapis.com/v1/projects/insta-cube:testIamPermissions  

[debug] [2018-10-09T18:36:04.564Z] <<< HTTP RESPONSE 200
[debug] [2018-10-09T18:36:04.571Z] >>> HTTP REQUEST GET https://cloudresourcemanager.googleapis.com/v1/projects/insta-cube  
 
[debug] [2018-10-09T18:36:04.809Z] <<< HTTP RESPONSE 200
[info] 
[info] === Serving from '/mnt/c/Users/Patrick Chong/Documents/VueJs/instacube-firebase'...
[info] 
[info] i  functions: Preparing to emulate functions.
[debug] [2018-10-09T18:36:05.779Z] Fetching environment
[debug] [2018-10-09T18:36:05.781Z] >>> HTTP REQUEST GET https://mobilesdk-pa.googleapis.com/v1/projects/773940745092:getServerAppConfig  
 
[debug] [2018-10-09T18:36:05.782Z] >>> HTTP REQUEST GET https://mobilesdk-pa.googleapis.com/v1/projects/773940745092/clients/_:getWebAppConfig  
 
[debug] [2018-10-09T18:36:05.937Z] <<< HTTP RESPONSE 200
[debug] [2018-10-09T18:36:05.938Z] Starting @google-cloud/functions-emulator
[debug] [2018-10-09T18:36:06.022Z] Parsing function triggers
[debug] [2018-10-09T18:36:06.052Z] <<< HTTP RESPONSE 200
[info] i  hosting: Serving hosting files from: public
[info] ✔  hosting: Local server: http://localhost:5000
[debug] [2018-10-09T19:08:16.460Z] ----------------------------------------------------------------------
[debug] [2018-10-09T19:08:16.463Z] Command:       /home/star/.nvm/versions/node/v6.11.5/bin/node /home/star/.nvm/versions/node/v6.11.5/bin/firebase serve --only functions,hosting
[debug] [2018-10-09T19:08:16.463Z] CLI Version:   5.0.1
[debug] [2018-10-09T19:08:16.463Z] Platform:      linux
[debug] [2018-10-09T19:08:16.464Z] Node Version:  v6.11.5
[debug] [2018-10-09T19:08:16.464Z] Time:          Tue Oct 09 2018 15:08:16 GMT-0400 (DST)
[debug] [2018-10-09T19:08:16.464Z] ----------------------------------------------------------------------
[debug] 
[debug] [2018-10-09T19:08:16.479Z] > command requires scopes: ["email","openid","https://www.googleapis.com/auth/cloudplatformprojects.readonly","https://www.googleapis.com/auth/firebase","https://www.googleapis.com/auth/cloud-platform"]
[debug] [2018-10-09T19:08:16.480Z] > authorizing via signed-in user
[debug] [2018-10-09T19:08:16.480Z] [iam] checking project insta-cube for permissions ["firebase.projects.get"]
[debug] [2018-10-09T19:08:16.482Z] > refreshing access token with scopes: ["email","https://www.googleapis.com/auth/cloud-platform","https://www.googleapis.com/auth/cloudplatformprojects.readonly","https://www.googleapis.com/auth/firebase","openid"]
[debug] [2018-10-09T19:08:16.482Z] >>> HTTP REQUEST POST https://www.googleapis.com/oauth2/v3/token  
 <request body omitted>
[debug] [2018-10-09T19:08:16.646Z] <<< HTTP RESPONSE 200
[debug] [2018-10-09T19:08:16.659Z] >>> HTTP REQUEST POST https://cloudresourcemanager.googleapis.com/v1/projects/insta-cube:testIamPermissions  

[debug] [2018-10-09T19:08:16.850Z] <<< HTTP RESPONSE 200
[debug] [2018-10-09T19:08:16.854Z] >>> HTTP REQUEST GET https://cloudresourcemanager.googleapis.com/v1/projects/insta-cube  
 
[debug] [2018-10-09T19:08:17.022Z] <<< HTTP RESPONSE 200
[info] 
[info] === Serving from '/mnt/c/Users/Patrick Chong/Documents/VueJs/instacube-firebase'...
[info] 
[info] i  functions: Preparing to emulate functions.
[debug] [2018-10-09T19:08:18.293Z] Fetching environment
[debug] [2018-10-09T19:08:18.299Z] >>> HTTP REQUEST GET https://mobilesdk-pa.googleapis.com/v1/projects/773940745092:getServerAppConfig  
 
[debug] [2018-10-09T19:08:18.300Z] >>> HTTP REQUEST GET https://mobilesdk-pa.googleapis.com/v1/projects/773940745092/clients/_:getWebAppConfig  
 
[debug] [2018-10-09T19:08:18.484Z] <<< HTTP RESPONSE 200
[debug] [2018-10-09T19:08:18.486Z] Starting @google-cloud/functions-emulator
[debug] [2018-10-09T19:08:18.623Z] <<< HTTP RESPONSE 200
[debug] [2018-10-09T19:08:18.690Z] Parsing function triggers
[info] i  hosting: Serving hosting files from: public
[info] ✔  hosting: Local server: http://localhost:5000
[debug] [2018-10-09T19:11:22.662Z] ----------------------------------------------------------------------
[debug] [2018-10-09T19:11:22.664Z] Command:       /home/star/.nvm/versions/node/v6.11.5/bin/node /home/star/.nvm/versions/node/v6.11.5/bin/firebase serve --only functions
[debug] [2018-10-09T19:11:22.665Z] CLI Version:   5.0.1
[debug] [2018-10-09T19:11:22.665Z] Platform:      linux
[debug] [2018-10-09T19:11:22.665Z] Node Version:  v6.11.5
[debug] [2018-10-09T19:11:22.665Z] Time:          Tue Oct 09 2018 15:11:22 GMT-0400 (DST)
[debug] [2018-10-09T19:11:22.665Z] ----------------------------------------------------------------------
[debug] 
[debug] [2018-10-09T19:11:22.679Z] > command requires scopes: ["email","openid","https://www.googleapis.com/auth/cloudplatformprojects.readonly","https://www.googleapis.com/auth/firebase","https://www.googleapis.com/auth/cloud-platform"]
[debug] [2018-10-09T19:11:22.679Z] > authorizing via signed-in user
[debug] [2018-10-09T19:11:22.679Z] [iam] checking project insta-cube for permissions ["firebase.projects.get"]
[debug] [2018-10-09T19:11:22.681Z] >>> HTTP REQUEST POST https://cloudresourcemanager.googleapis.com/v1/projects/insta-cube:testIamPermissions  

[debug] [2018-10-09T19:11:22.886Z] <<< HTTP RESPONSE 200
[debug] [2018-10-09T19:11:22.890Z] >>> HTTP REQUEST GET https://cloudresourcemanager.googleapis.com/v1/projects/insta-cube  
 
[debug] [2018-10-09T19:11:23.067Z] <<< HTTP RESPONSE 200
[info] 
[info] === Serving from '/mnt/c/Users/Patrick Chong/Documents/VueJs/instacube-firebase'...
[info] 
[info] i  functions: Preparing to emulate functions.
[debug] [2018-10-09T19:11:23.825Z] Fetching environment
[debug] [2018-10-09T19:11:23.827Z] >>> HTTP REQUEST GET https://mobilesdk-pa.googleapis.com/v1/projects/773940745092:getServerAppConfig  
 
[debug] [2018-10-09T19:11:23.929Z] <<< HTTP RESPONSE 200
[debug] [2018-10-09T19:11:23.930Z] Starting @google-cloud/functions-emulator
[debug] [2018-10-09T19:11:24.020Z] Parsing function triggers
[debug] [2018-10-09T19:11:51.522Z] ----------------------------------------------------------------------
[debug] [2018-10-09T19:11:51.524Z] Command:       /home/star/.nvm/versions/node/v6.11.5/bin/node /home/star/.nvm/versions/node/v6.11.5/bin/firebase serve --only functions
[debug] [2018-10-09T19:11:51.525Z] CLI Version:   5.0.1
[debug] [2018-10-09T19:11:51.525Z] Platform:      linux
[debug] [2018-10-09T19:11:51.525Z] Node Version:  v6.11.5
[debug] [2018-10-09T19:11:51.525Z] Time:          Tue Oct 09 2018 15:11:51 GMT-0400 (DST)
[debug] [2018-10-09T19:11:51.525Z] ----------------------------------------------------------------------
[debug] 
[debug] [2018-10-09T19:11:51.539Z] > command requires scopes: ["email","openid","https://www.googleapis.com/auth/cloudplatformprojects.readonly","https://www.googleapis.com/auth/firebase","https://www.googleapis.com/auth/cloud-platform"]
[debug] [2018-10-09T19:11:51.540Z] > authorizing via signed-in user
[debug] [2018-10-09T19:11:51.540Z] [iam] checking project insta-cube for permissions ["firebase.projects.get"]
[debug] [2018-10-09T19:11:51.542Z] >>> HTTP REQUEST POST https://cloudresourcemanager.googleapis.com/v1/projects/insta-cube:testIamPermissions  

[debug] [2018-10-09T19:11:51.738Z] <<< HTTP RESPONSE 200
[debug] [2018-10-09T19:11:51.743Z] >>> HTTP REQUEST GET https://cloudresourcemanager.googleapis.com/v1/projects/insta-cube  
 
[debug] [2018-10-09T19:11:51.911Z] <<< HTTP RESPONSE 200
[info] 
[info] === Serving from '/mnt/c/Users/Patrick Chong/Documents/VueJs/instacube-firebase'...
[info] 
[info] i  functions: Preparing to emulate functions.
[debug] [2018-10-09T19:11:52.823Z] Fetching environment
[debug] [2018-10-09T19:11:52.826Z] >>> HTTP REQUEST GET https://mobilesdk-pa.googleapis.com/v1/projects/773940745092:getServerAppConfig  
 
[debug] [2018-10-09T19:11:52.913Z] <<< HTTP RESPONSE 200
[debug] [2018-10-09T19:11:52.914Z] Starting @google-cloud/functions-emulator
[debug] [2018-10-09T19:11:52.975Z] Parsing function triggers
[debug] [2018-10-09T19:12:11.390Z] ----------------------------------------------------------------------
[debug] [2018-10-09T19:12:11.392Z] Command:       /home/star/.nvm/versions/node/v6.11.5/bin/node /home/star/.nvm/versions/node/v6.11.5/bin/firebase serve --only functions
[debug] [2018-10-09T19:12:11.393Z] CLI Version:   5.0.1
[debug] [2018-10-09T19:12:11.393Z] Platform:      linux
[debug] [2018-10-09T19:12:11.393Z] Node Version:  v6.11.5
[debug] [2018-10-09T19:12:11.393Z] Time:          Tue Oct 09 2018 15:12:11 GMT-0400 (DST)
[debug] [2018-10-09T19:12:11.393Z] ----------------------------------------------------------------------
[debug] 
[debug] [2018-10-09T19:12:11.408Z] > command requires scopes: ["email","openid","https://www.googleapis.com/auth/cloudplatformprojects.readonly","https://www.googleapis.com/auth/firebase","https://www.googleapis.com/auth/cloud-platform"]
[debug] [2018-10-09T19:12:11.409Z] > authorizing via signed-in user
[debug] [2018-10-09T19:12:11.409Z] [iam] checking project insta-cube for permissions ["firebase.projects.get"]
[debug] [2018-10-09T19:12:11.411Z] >>> HTTP REQUEST POST https://cloudresourcemanager.googleapis.com/v1/projects/insta-cube:testIamPermissions  

[debug] [2018-10-09T19:12:11.609Z] <<< HTTP RESPONSE 200
[debug] [2018-10-09T19:12:11.613Z] >>> HTTP REQUEST GET https://cloudresourcemanager.googleapis.com/v1/projects/insta-cube  
 
[debug] [2018-10-09T19:12:11.789Z] <<< HTTP RESPONSE 200
[info] 
[info] === Serving from '/mnt/c/Users/Patrick Chong/Documents/VueJs/instacube-firebase'...
[info] 
[info] i  functions: Preparing to emulate functions.
[debug] [2018-10-09T19:12:12.500Z] Fetching environment
[debug] [2018-10-09T19:12:12.502Z] >>> HTTP REQUEST GET https://mobilesdk-pa.googleapis.com/v1/projects/773940745092:getServerAppConfig  
 
[debug] [2018-10-09T19:12:12.655Z] <<< HTTP RESPONSE 200
[debug] [2018-10-09T19:12:12.656Z] Starting @google-cloud/functions-emulator
[debug] [2018-10-09T19:12:12.755Z] Parsing function triggers
